#
# There is insufficient memory for the Java Runtime Environment to continue.
# Native memory allocation (malloc) failed to allocate 32744 bytes for ChunkPool::allocate
# Possible reasons:
#   The system is out of physical RAM or swap space
#   The process is running with CompressedOops enabled, and the Java Heap may be blocking the growth of the native heap
# Possible solutions:
#   Reduce memory load on the system
#   Increase physical memory or swap space
#   Check if swap backing store is full
#   Decrease Java heap size (-Xmx/-Xms)
#   Decrease number of Java threads
#   Decrease Java thread stack sizes (-Xss)
#   Set larger code cache with -XX:ReservedCodeCacheSize=
#   JVM is running with Unscaled Compressed Oops mode in which the Java heap is
#     placed in the first 4GB address space. The Java Heap base address is the
#     maximum limit for the native heap growth. Please use -XX:HeapBaseMinAddress
#     to set the Java Heap base and to place the Java Heap above 4GB virtual address.
# This output file may be truncated or incomplete.
#
#  Out of Memory Error (arena.cpp:78), pid=2208, tid=27016
#
# JRE version: Java(TM) SE Runtime Environment (17.0.10+11) (build 17.0.10+11-LTS-240)
# Java VM: Java HotSpot(TM) 64-Bit Server VM (17.0.10+11-LTS-240, mixed mode, sharing, tiered, compressed oops, compressed class ptrs, g1 gc, windows-amd64)
# No core dump will be written. Minidumps are not enabled by default on client versions of Windows
#

---------------  S U M M A R Y ------------

Command Line: -XX:+ShowCodeDetailsInExceptionMessages com.roomly.roomly.RoomlyApplication

Host: AMD Ryzen 5 5500U with Radeon Graphics         , 12 cores, 5G,  Windows 10 , 64 bit Build 19041 (10.0.19041.4842)
Time: Thu Nov 14 16:27:21 2024  Windows 10 , 64 bit Build 19041 (10.0.19041.4842) elapsed time: 0.572251 seconds (0d 0h 0m 0s)

---------------  T H R E A D  ---------------

Current thread (0x000002137ddafb80):  JavaThread "C2 CompilerThread0" daemon [_thread_in_native, id=27016, stack(0x000000a936f00000,0x000000a937000000)]


Current CompileTask:
C2:    572  456 %     4       java.lang.StringLatin1::indexOf @ 30 (121 bytes)

Stack: [0x000000a936f00000,0x000000a937000000]
Native frames: (J=compiled Java code, j=interpreted, Vv=VM code, C=native code)
V  [jvm.dll+0x677a5a]
V  [jvm.dll+0x7d8b2d]
V  [jvm.dll+0x7da48e]
V  [jvm.dll+0x7daaf3]
V  [jvm.dll+0x2455ff]
V  [jvm.dll+0xaad50]
V  [jvm.dll+0xab09c]
V  [jvm.dll+0x11d4f5]
V  [jvm.dll+0x6a14e7]
V  [jvm.dll+0x1bb497]
V  [jvm.dll+0x217aa7]
V  [jvm.dll+0x216d81]
V  [jvm.dll+0x1a3410]
V  [jvm.dll+0x226aeb]
V  [jvm.dll+0x224cab]
V  [jvm.dll+0x78e45c]
V  [jvm.dll+0x78888a]
V  [jvm.dll+0x676935]
C  [ucrtbase.dll+0x21bb2]
C  [KERNEL32.DLL+0x17374]
C  [ntdll.dll+0x4cc91]


---------------  P R O C E S S  ---------------

Threads class SMR info:
_java_thread_list=0x000002137df69be0, length=12, elements={
0x000002136dbe6ca0, 0x000002137dd87570, 0x000002137dd883f0, 0x000002137dda2a20,
0x000002137dda45f0, 0x000002137ddaafd0, 0x000002137ddab990, 0x000002137ddafb80,
0x000002137ddd9660, 0x000002137dde4840, 0x000002137dfa4350, 0x000002137dfa4860
}

Java Threads: ( => current thread )
  0x000002136dbe6ca0 JavaThread "main" [_thread_in_native, id=23300, stack(0x000000a936200000,0x000000a936300000)]
  0x000002137dd87570 JavaThread "Reference Handler" daemon [_thread_blocked, id=7804, stack(0x000000a936900000,0x000000a936a00000)]
  0x000002137dd883f0 JavaThread "Finalizer" daemon [_thread_blocked, id=18272, stack(0x000000a936a00000,0x000000a936b00000)]
  0x000002137dda2a20 JavaThread "Signal Dispatcher" daemon [_thread_blocked, id=14148, stack(0x000000a936b00000,0x000000a936c00000)]
  0x000002137dda45f0 JavaThread "Attach Listener" daemon [_thread_blocked, id=23164, stack(0x000000a936c00000,0x000000a936d00000)]
  0x000002137ddaafd0 JavaThread "Service Thread" daemon [_thread_blocked, id=28360, stack(0x000000a936d00000,0x000000a936e00000)]
  0x000002137ddab990 JavaThread "Monitor Deflation Thread" daemon [_thread_blocked, id=2356, stack(0x000000a936e00000,0x000000a936f00000)]
=>0x000002137ddafb80 JavaThread "C2 CompilerThread0" daemon [_thread_in_native, id=27016, stack(0x000000a936f00000,0x000000a937000000)]
  0x000002137ddd9660 JavaThread "C1 CompilerThread0" daemon [_thread_in_native, id=26460, stack(0x000000a937000000,0x000000a937100000)]
  0x000002137dde4840 JavaThread "Sweeper thread" daemon [_thread_blocked, id=5048, stack(0x000000a937100000,0x000000a937200000)]
  0x000002137dfa4350 JavaThread "Notification Thread" daemon [_thread_blocked, id=16052, stack(0x000000a937200000,0x000000a937300000)]
  0x000002137dfa4860 JavaThread "Common-Cleaner" daemon [_thread_blocked, id=9072, stack(0x000000a937400000,0x000000a937500000)]

Other Threads:
  0x000002137dd83970 VMThread "VM Thread" [stack: 0x000000a936800000,0x000000a936900000] [id=22300]
  0x000002136dc520b0 WatcherThread [stack: 0x000000a937300000,0x000000a937400000] [id=18404]
  0x000002136dc3ad80 GCTaskThread "GC Thread#0" [stack: 0x000000a936300000,0x000000a936400000] [id=12496]
  0x000002136dc49cb0 ConcurrentGCThread "G1 Main Marker" [stack: 0x000000a936400000,0x000000a936500000] [id=8088]
  0x000002136dc4ae60 ConcurrentGCThread "G1 Conc#0" [stack: 0x000000a936500000,0x000000a936600000] [id=29440]
  0x000002136dc96680 ConcurrentGCThread "G1 Refine#0" [stack: 0x000000a936600000,0x000000a936700000] [id=11220]
  0x000002137dc42210 ConcurrentGCThread "G1 Service" [stack: 0x000000a936700000,0x000000a936800000] [id=21656]

Threads with active compile tasks:
C2 CompilerThread0      590  456 %     4       java.lang.StringLatin1::indexOf @ 30 (121 bytes)
C1 CompilerThread0      590  458       3       java.net.URLStreamHandler::parseURL (1201 bytes)

VM state: not at safepoint (normal execution)

VM Mutex/Monitor currently owned by a thread: None

Heap address: 0x00000000a2200000, size: 1502 MB, Compressed Oops mode: 32-bit

CDS archive(s) mapped at: [0x000002130f000000-0x000002130fbd0000-0x000002130fbd0000), size 12386304, SharedBaseAddress: 0x000002130f000000, ArchiveRelocationMode: 1.
Compressed class space mapped at: 0x0000021310000000-0x0000021350000000, reserved size: 1073741824
Narrow klass base: 0x000002130f000000, Narrow klass shift: 0, Narrow klass range: 0x100000000

GC Precious Log:
 CPUs: 12 total, 12 available
 Memory: 6005M
 Large Page Support: Disabled
 NUMA Support: Disabled
 Compressed Oops: Enabled (32-bit)
 Heap Region Size: 1M
 Heap Min Capacity: 8M
 Heap Initial Capacity: 94M
 Heap Max Capacity: 1502M
 Pre-touch: Disabled
 Parallel Workers: 10
 Concurrent Workers: 3
 Concurrent Refinement Workers: 10
 Periodic GC: Disabled

Heap:
 garbage-first heap   total 96256K, used 12288K [0x00000000a2200000, 0x0000000100000000)
  region size 1024K, 13 young (13312K), 0 survivors (0K)
 Metaspace       used 1246K, committed 1344K, reserved 1114112K
  class space    used 86K, committed 128K, reserved 1048576K

Heap Regions: E=young(eden), S=young(survivor), O=old, HS=humongous(starts), HC=humongous(continues), CS=collection set, F=free, OA=open archive, CA=closed archive, TAMS=top-at-mark-start (previous, next)
|   0|0x00000000a2200000, 0x00000000a2300000, 0x00000000a2300000|100%|HS|  |TAMS 0x00000000a2200000, 0x00000000a2200000| Complete 
|   1|0x00000000a2300000, 0x00000000a2300000, 0x00000000a2400000|  0%| F|  |TAMS 0x00000000a2300000, 0x00000000a2300000| Untracked 
|   2|0x00000000a2400000, 0x00000000a2400000, 0x00000000a2500000|  0%| F|  |TAMS 0x00000000a2400000, 0x00000000a2400000| Untracked 
|   3|0x00000000a2500000, 0x00000000a2500000, 0x00000000a2600000|  0%| F|  |TAMS 0x00000000a2500000, 0x00000000a2500000| Untracked 
|   4|0x00000000a2600000, 0x00000000a2600000, 0x00000000a2700000|  0%| F|  |TAMS 0x00000000a2600000, 0x00000000a2600000| Untracked 
|   5|0x00000000a2700000, 0x00000000a2700000, 0x00000000a2800000|  0%| F|  |TAMS 0x00000000a2700000, 0x00000000a2700000| Untracked 
|   6|0x00000000a2800000, 0x00000000a2800000, 0x00000000a2900000|  0%| F|  |TAMS 0x00000000a2800000, 0x00000000a2800000| Untracked 
|   7|0x00000000a2900000, 0x00000000a2900000, 0x00000000a2a00000|  0%| F|  |TAMS 0x00000000a2900000, 0x00000000a2900000| Untracked 
|   8|0x00000000a2a00000, 0x00000000a2a00000, 0x00000000a2b00000|  0%| F|  |TAMS 0x00000000a2a00000, 0x00000000a2a00000| Untracked 
|   9|0x00000000a2b00000, 0x00000000a2b00000, 0x00000000a2c00000|  0%| F|  |TAMS 0x00000000a2b00000, 0x00000000a2b00000| Untracked 
|  10|0x00000000a2c00000, 0x00000000a2c00000, 0x00000000a2d00000|  0%| F|  |TAMS 0x00000000a2c00000, 0x00000000a2c00000| Untracked 
|  11|0x00000000a2d00000, 0x00000000a2d00000, 0x00000000a2e00000|  0%| F|  |TAMS 0x00000000a2d00000, 0x00000000a2d00000| Untracked 
|  12|0x00000000a2e00000, 0x00000000a2e00000, 0x00000000a2f00000|  0%| F|  |TAMS 0x00000000a2e00000, 0x00000000a2e00000| Untracked 
|  13|0x00000000a2f00000, 0x00000000a2f00000, 0x00000000a3000000|  0%| F|  |TAMS 0x00000000a2f00000, 0x00000000a2f00000| Untracked 
|  14|0x00000000a3000000, 0x00000000a3000000, 0x00000000a3100000|  0%| F|  |TAMS 0x00000000a3000000, 0x00000000a3000000| Untracked 
|  15|0x00000000a3100000, 0x00000000a3100000, 0x00000000a3200000|  0%| F|  |TAMS 0x00000000a3100000, 0x00000000a3100000| Untracked 
|  16|0x00000000a3200000, 0x00000000a3200000, 0x00000000a3300000|  0%| F|  |TAMS 0x00000000a3200000, 0x00000000a3200000| Untracked 
|  17|0x00000000a3300000, 0x00000000a3300000, 0x00000000a3400000|  0%| F|  |TAMS 0x00000000a3300000, 0x00000000a3300000| Untracked 
|  18|0x00000000a3400000, 0x00000000a3400000, 0x00000000a3500000|  0%| F|  |TAMS 0x00000000a3400000, 0x00000000a3400000| Untracked 
|  19|0x00000000a3500000, 0x00000000a3500000, 0x00000000a3600000|  0%| F|  |TAMS 0x00000000a3500000, 0x00000000a3500000| Untracked 
|  20|0x00000000a3600000, 0x00000000a3600000, 0x00000000a3700000|  0%| F|  |TAMS 0x00000000a3600000, 0x00000000a3600000| Untracked 
|  21|0x00000000a3700000, 0x00000000a3700000, 0x00000000a3800000|  0%| F|  |TAMS 0x00000000a3700000, 0x00000000a3700000| Untracked 
|  22|0x00000000a3800000, 0x00000000a3800000, 0x00000000a3900000|  0%| F|  |TAMS 0x00000000a3800000, 0x00000000a3800000| Untracked 
|  23|0x00000000a3900000, 0x00000000a3900000, 0x00000000a3a00000|  0%| F|  |TAMS 0x00000000a3900000, 0x00000000a3900000| Untracked 
|  24|0x00000000a3a00000, 0x00000000a3a00000, 0x00000000a3b00000|  0%| F|  |TAMS 0x00000000a3a00000, 0x00000000a3a00000| Untracked 
|  25|0x00000000a3b00000, 0x00000000a3b00000, 0x00000000a3c00000|  0%| F|  |TAMS 0x00000000a3b00000, 0x00000000a3b00000| Untracked 
|  26|0x00000000a3c00000, 0x00000000a3c00000, 0x00000000a3d00000|  0%| F|  |TAMS 0x00000000a3c00000, 0x00000000a3c00000| Untracked 
|  27|0x00000000a3d00000, 0x00000000a3d00000, 0x00000000a3e00000|  0%| F|  |TAMS 0x00000000a3d00000, 0x00000000a3d00000| Untracked 
|  28|0x00000000a3e00000, 0x00000000a3e00000, 0x00000000a3f00000|  0%| F|  |TAMS 0x00000000a3e00000, 0x00000000a3e00000| Untracked 
|  29|0x00000000a3f00000, 0x00000000a3f00000, 0x00000000a4000000|  0%| F|  |TAMS 0x00000000a3f00000, 0x00000000a3f00000| Untracked 
|  30|0x00000000a4000000, 0x00000000a4000000, 0x00000000a4100000|  0%| F|  |TAMS 0x00000000a4000000, 0x00000000a4000000| Untracked 
|  31|0x00000000a4100000, 0x00000000a4100000, 0x00000000a4200000|  0%| F|  |TAMS 0x00000000a4100000, 0x00000000a4100000| Untracked 
|  32|0x00000000a4200000, 0x00000000a4200000, 0x00000000a4300000|  0%| F|  |TAMS 0x00000000a4200000, 0x00000000a4200000| Untracked 
|  33|0x00000000a4300000, 0x00000000a4300000, 0x00000000a4400000|  0%| F|  |TAMS 0x00000000a4300000, 0x00000000a4300000| Untracked 
|  34|0x00000000a4400000, 0x00000000a4400000, 0x00000000a4500000|  0%| F|  |TAMS 0x00000000a4400000, 0x00000000a4400000| Untracked 
|  35|0x00000000a4500000, 0x00000000a4500000, 0x00000000a4600000|  0%| F|  |TAMS 0x00000000a4500000, 0x00000000a4500000| Untracked 
|  36|0x00000000a4600000, 0x00000000a4600000, 0x00000000a4700000|  0%| F|  |TAMS 0x00000000a4600000, 0x00000000a4600000| Untracked 
|  37|0x00000000a4700000, 0x00000000a4700000, 0x00000000a4800000|  0%| F|  |TAMS 0x00000000a4700000, 0x00000000a4700000| Untracked 
|  38|0x00000000a4800000, 0x00000000a4800000, 0x00000000a4900000|  0%| F|  |TAMS 0x00000000a4800000, 0x00000000a4800000| Untracked 
|  39|0x00000000a4900000, 0x00000000a4900000, 0x00000000a4a00000|  0%| F|  |TAMS 0x00000000a4900000, 0x00000000a4900000| Untracked 
|  40|0x00000000a4a00000, 0x00000000a4a00000, 0x00000000a4b00000|  0%| F|  |TAMS 0x00000000a4a00000, 0x00000000a4a00000| Untracked 
|  41|0x00000000a4b00000, 0x00000000a4b00000, 0x00000000a4c00000|  0%| F|  |TAMS 0x00000000a4b00000, 0x00000000a4b00000| Untracked 
|  42|0x00000000a4c00000, 0x00000000a4c00000, 0x00000000a4d00000|  0%| F|  |TAMS 0x00000000a4c00000, 0x00000000a4c00000| Untracked 
|  43|0x00000000a4d00000, 0x00000000a4d00000, 0x00000000a4e00000|  0%| F|  |TAMS 0x00000000a4d00000, 0x00000000a4d00000| Untracked 
|  44|0x00000000a4e00000, 0x00000000a4e00000, 0x00000000a4f00000|  0%| F|  |TAMS 0x00000000a4e00000, 0x00000000a4e00000| Untracked 
|  45|0x00000000a4f00000, 0x00000000a4f00000, 0x00000000a5000000|  0%| F|  |TAMS 0x00000000a4f00000, 0x00000000a4f00000| Untracked 
|  46|0x00000000a5000000, 0x00000000a5000000, 0x00000000a5100000|  0%| F|  |TAMS 0x00000000a5000000, 0x00000000a5000000| Untracked 
|  47|0x00000000a5100000, 0x00000000a5100000, 0x00000000a5200000|  0%| F|  |TAMS 0x00000000a5100000, 0x00000000a5100000| Untracked 
|  48|0x00000000a5200000, 0x00000000a5200000, 0x00000000a5300000|  0%| F|  |TAMS 0x00000000a5200000, 0x00000000a5200000| Untracked 
|  49|0x00000000a5300000, 0x00000000a5300000, 0x00000000a5400000|  0%| F|  |TAMS 0x00000000a5300000, 0x00000000a5300000| Untracked 
|  50|0x00000000a5400000, 0x00000000a5400000, 0x00000000a5500000|  0%| F|  |TAMS 0x00000000a5400000, 0x00000000a5400000| Untracked 
|  51|0x00000000a5500000, 0x00000000a5500000, 0x00000000a5600000|  0%| F|  |TAMS 0x00000000a5500000, 0x00000000a5500000| Untracked 
|  52|0x00000000a5600000, 0x00000000a5600000, 0x00000000a5700000|  0%| F|  |TAMS 0x00000000a5600000, 0x00000000a5600000| Untracked 
|  53|0x00000000a5700000, 0x00000000a5700000, 0x00000000a5800000|  0%| F|  |TAMS 0x00000000a5700000, 0x00000000a5700000| Untracked 
|  54|0x00000000a5800000, 0x00000000a5800000, 0x00000000a5900000|  0%| F|  |TAMS 0x00000000a5800000, 0x00000000a5800000| Untracked 
|  55|0x00000000a5900000, 0x00000000a5900000, 0x00000000a5a00000|  0%| F|  |TAMS 0x00000000a5900000, 0x00000000a5900000| Untracked 
|  56|0x00000000a5a00000, 0x00000000a5a00000, 0x00000000a5b00000|  0%| F|  |TAMS 0x00000000a5a00000, 0x00000000a5a00000| Untracked 
|  57|0x00000000a5b00000, 0x00000000a5b00000, 0x00000000a5c00000|  0%| F|  |TAMS 0x00000000a5b00000, 0x00000000a5b00000| Untracked 
|  58|0x00000000a5c00000, 0x00000000a5c00000, 0x00000000a5d00000|  0%| F|  |TAMS 0x00000000a5c00000, 0x00000000a5c00000| Untracked 
|  59|0x00000000a5d00000, 0x00000000a5d00000, 0x00000000a5e00000|  0%| F|  |TAMS 0x00000000a5d00000, 0x00000000a5d00000| Untracked 
|  60|0x00000000a5e00000, 0x00000000a5e00000, 0x00000000a5f00000|  0%| F|  |TAMS 0x00000000a5e00000, 0x00000000a5e00000| Untracked 
|  61|0x00000000a5f00000, 0x00000000a5f00000, 0x00000000a6000000|  0%| F|  |TAMS 0x00000000a5f00000, 0x00000000a5f00000| Untracked 
|  62|0x00000000a6000000, 0x00000000a6000000, 0x00000000a6100000|  0%| F|  |TAMS 0x00000000a6000000, 0x00000000a6000000| Untracked 
|  63|0x00000000a6100000, 0x00000000a6100000, 0x00000000a6200000|  0%| F|  |TAMS 0x00000000a6100000, 0x00000000a6100000| Untracked 
|  64|0x00000000a6200000, 0x00000000a6200000, 0x00000000a6300000|  0%| F|  |TAMS 0x00000000a6200000, 0x00000000a6200000| Untracked 
|  65|0x00000000a6300000, 0x00000000a6300000, 0x00000000a6400000|  0%| F|  |TAMS 0x00000000a6300000, 0x00000000a6300000| Untracked 
|  66|0x00000000a6400000, 0x00000000a6400000, 0x00000000a6500000|  0%| F|  |TAMS 0x00000000a6400000, 0x00000000a6400000| Untracked 
|  67|0x00000000a6500000, 0x00000000a6500000, 0x00000000a6600000|  0%| F|  |TAMS 0x00000000a6500000, 0x00000000a6500000| Untracked 
|  68|0x00000000a6600000, 0x00000000a6600000, 0x00000000a6700000|  0%| F|  |TAMS 0x00000000a6600000, 0x00000000a6600000| Untracked 
|  69|0x00000000a6700000, 0x00000000a6700000, 0x00000000a6800000|  0%| F|  |TAMS 0x00000000a6700000, 0x00000000a6700000| Untracked 
|  70|0x00000000a6800000, 0x00000000a6800000, 0x00000000a6900000|  0%| F|  |TAMS 0x00000000a6800000, 0x00000000a6800000| Untracked 
|  71|0x00000000a6900000, 0x00000000a6900000, 0x00000000a6a00000|  0%| F|  |TAMS 0x00000000a6900000, 0x00000000a6900000| Untracked 
|  72|0x00000000a6a00000, 0x00000000a6a00000, 0x00000000a6b00000|  0%| F|  |TAMS 0x00000000a6a00000, 0x00000000a6a00000| Untracked 
|  73|0x00000000a6b00000, 0x00000000a6b00000, 0x00000000a6c00000|  0%| F|  |TAMS 0x00000000a6b00000, 0x00000000a6b00000| Untracked 
|  74|0x00000000a6c00000, 0x00000000a6c00000, 0x00000000a6d00000|  0%| F|  |TAMS 0x00000000a6c00000, 0x00000000a6c00000| Untracked 
|  75|0x00000000a6d00000, 0x00000000a6d00000, 0x00000000a6e00000|  0%| F|  |TAMS 0x00000000a6d00000, 0x00000000a6d00000| Untracked 
|  76|0x00000000a6e00000, 0x00000000a6e00000, 0x00000000a6f00000|  0%| F|  |TAMS 0x00000000a6e00000, 0x00000000a6e00000| Untracked 
|  77|0x00000000a6f00000, 0x00000000a6f00000, 0x00000000a7000000|  0%| F|  |TAMS 0x00000000a6f00000, 0x00000000a6f00000| Untracked 
|  78|0x00000000a7000000, 0x00000000a7000000, 0x00000000a7100000|  0%| F|  |TAMS 0x00000000a7000000, 0x00000000a7000000| Untracked 
|  79|0x00000000a7100000, 0x00000000a7100000, 0x00000000a7200000|  0%| F|  |TAMS 0x00000000a7100000, 0x00000000a7100000| Untracked 
|  80|0x00000000a7200000, 0x00000000a727b128, 0x00000000a7300000| 48%| E|  |TAMS 0x00000000a7200000, 0x00000000a7200000| Complete 
|  81|0x00000000a7300000, 0x00000000a7400000, 0x00000000a7400000|100%| E|CS|TAMS 0x00000000a7300000, 0x00000000a7300000| Complete 
|  82|0x00000000a7400000, 0x00000000a7500000, 0x00000000a7500000|100%| E|CS|TAMS 0x00000000a7400000, 0x00000000a7400000| Complete 
|  83|0x00000000a7500000, 0x00000000a7600000, 0x00000000a7600000|100%| E|CS|TAMS 0x00000000a7500000, 0x00000000a7500000| Complete 
|  84|0x00000000a7600000, 0x00000000a7700000, 0x00000000a7700000|100%| E|CS|TAMS 0x00000000a7600000, 0x00000000a7600000| Complete 
|  85|0x00000000a7700000, 0x00000000a7800000, 0x00000000a7800000|100%| E|CS|TAMS 0x00000000a7700000, 0x00000000a7700000| Complete 
|  86|0x00000000a7800000, 0x00000000a7900000, 0x00000000a7900000|100%| E|CS|TAMS 0x00000000a7800000, 0x00000000a7800000| Complete 
|  87|0x00000000a7900000, 0x00000000a7a00000, 0x00000000a7a00000|100%| E|CS|TAMS 0x00000000a7900000, 0x00000000a7900000| Complete 
|  88|0x00000000a7a00000, 0x00000000a7b00000, 0x00000000a7b00000|100%| E|CS|TAMS 0x00000000a7a00000, 0x00000000a7a00000| Complete 
|  89|0x00000000a7b00000, 0x00000000a7c00000, 0x00000000a7c00000|100%| E|CS|TAMS 0x00000000a7b00000, 0x00000000a7b00000| Complete 
|  90|0x00000000a7c00000, 0x00000000a7d00000, 0x00000000a7d00000|100%| E|CS|TAMS 0x00000000a7c00000, 0x00000000a7c00000| Complete 
|  91|0x00000000a7d00000, 0x00000000a7e00000, 0x00000000a7e00000|100%| E|  |TAMS 0x00000000a7d00000, 0x00000000a7d00000| Complete 
|  92|0x00000000a7e00000, 0x00000000a7f00000, 0x00000000a7f00000|100%| E|CS|TAMS 0x00000000a7e00000, 0x00000000a7e00000| Complete 
|  93|0x00000000a7f00000, 0x00000000a8000000, 0x00000000a8000000|100%| E|CS|TAMS 0x00000000a7f00000, 0x00000000a7f00000| Complete 

Card table byte_map: [0x0000021377c20000,0x0000021377f10000] _byte_map_base: 0x000002137770f000

Marking Bits (Prev, Next): (CMBitMap*) 0x000002136dc3b3a0, (CMBitMap*) 0x000002136dc3b3e0
 Prev Bits: [0x0000021378200000, 0x0000021379978000)
 Next Bits: [0x0000021379980000, 0x000002137b0f8000)

Polling page: 0x000002136dca0000

Metaspace:

Usage:
  Non-class:      1.19 MB used.
      Class:     92.59 KB used.
       Both:      1.28 MB used.

Virtual space:
  Non-class space:       64.00 MB reserved,       1.25 MB (  2%) committed,  1 nodes.
      Class space:        1.00 GB reserved,     128.00 KB ( <1%) committed,  1 nodes.
             Both:        1.06 GB reserved,       1.38 MB ( <1%) committed. 

Chunk freelists:
   Non-Class:  11.52 MB
       Class:  15.69 MB
        Both:  27.21 MB

MaxMetaspaceSize: unlimited
CompressedClassSpaceSize: 1.00 GB
Initial GC threshold: 21.00 MB
Current GC threshold: 21.00 MB
CDS: on
MetaspaceReclaimPolicy: balanced
 - commit_granule_bytes: 65536.
 - commit_granule_words: 8192.
 - virtual_space_node_default_size: 8388608.
 - enlarge_chunks_in_place: 1.
 - new_chunks_are_fully_committed: 0.
 - uncommit_free_chunks: 1.
 - use_allocation_guard: 0.
 - handle_deallocations: 1.


Internal statistics:

num_allocs_failed_limit: 0.
num_arena_births: 6.
num_arena_deaths: 0.
num_vsnodes_births: 2.
num_vsnodes_deaths: 0.
num_space_committed: 22.
num_space_uncommitted: 0.
num_chunks_returned_to_freelist: 0.
num_chunks_taken_from_freelist: 34.
num_chunk_merges: 0.
num_chunk_splits: 19.
num_chunks_enlarged: 14.
num_inconsistent_stats: 0.

CodeHeap 'non-profiled nmethods': size=120000Kb used=150Kb max_used=150Kb free=119849Kb
 bounds [0x0000021307ad0000, 0x0000021307d40000, 0x000002130f000000]
CodeHeap 'profiled nmethods': size=120000Kb used=781Kb max_used=781Kb free=119218Kb
 bounds [0x0000021300000000, 0x0000021300270000, 0x0000021307530000]
CodeHeap 'non-nmethods': size=5760Kb used=1104Kb max_used=1117Kb free=4655Kb
 bounds [0x0000021307530000, 0x00000213077a0000, 0x0000021307ad0000]
 total_blobs=836 nmethods=457 adapters=292
 compilation: enabled
              stopped_count=0, restarted_count=0
 full_count=0

Compilation events (20 events):
Event: 0.555 Thread 0x000002137ddd9660  448       1       java.lang.invoke.MethodType::returnType (5 bytes)
Event: 0.555 Thread 0x000002137ddd9660 nmethod 448 0x0000021307af4210 code [0x0000021307af43a0, 0x0000021307af4478]
Event: 0.556 Thread 0x000002137ddd9660  449   !   3       java.util.zip.ZipFile$ZipFileInputStream::close (59 bytes)
Event: 0.556 Thread 0x000002137ddd9660 nmethod 449 0x00000213000ba290 code [0x00000213000ba440, 0x00000213000ba7a8]
Event: 0.556 Thread 0x000002137ddd9660  451       3       java.util.WeakHashMap::remove (131 bytes)
Event: 0.557 Thread 0x000002137ddd9660 nmethod 451 0x00000213000ba990 code [0x00000213000babe0, 0x00000213000bb758]
Event: 0.557 Thread 0x000002137ddd9660  450       3       java.util.Collections$SetFromMap::remove (19 bytes)
Event: 0.557 Thread 0x000002137ddd9660 nmethod 450 0x00000213000bbb90 code [0x00000213000bbd40, 0x00000213000bbf68]
Event: 0.558 Thread 0x000002137ddd9660  452       3       java.lang.ClassLoader::checkName (37 bytes)
Event: 0.558 Thread 0x000002137ddd9660 nmethod 452 0x00000213000bc010 code [0x00000213000bc260, 0x00000213000bcc38]
Event: 0.558 Thread 0x000002137ddd9660  454   !   3       java.net.URL::<init> (543 bytes)
Event: 0.558 Thread 0x000002137ddafb80  455       4       java.lang.StringBuilder::append (8 bytes)
Event: 0.561 Thread 0x000002137ddd9660 nmethod 454 0x00000213000bcf90 code [0x00000213000bd620, 0x00000213000c0f08]
Event: 0.561 Thread 0x000002137ddd9660  453       3       java.net.URL::<init> (8 bytes)
Event: 0.561 Thread 0x000002137ddd9660 nmethod 453 0x00000213000c2f90 code [0x00000213000c3140, 0x00000213000c3288]
Event: 0.564 Thread 0x000002137ddd9660  457       3       sun.net.www.protocol.file.Handler::parseURL (18 bytes)
Event: 0.564 Thread 0x000002137ddd9660 nmethod 457 0x00000213000c3310 code [0x00000213000c34c0, 0x00000213000c3678]
Event: 0.564 Thread 0x000002137ddd9660  458       3       java.net.URLStreamHandler::parseURL (1201 bytes)
Event: 0.564 Thread 0x000002137ddafb80 nmethod 455 0x0000021307af4510 code [0x0000021307af46c0, 0x0000021307af4fb8]
Event: 0.564 Thread 0x000002137ddafb80  456 %     4       java.lang.StringLatin1::indexOf @ 30 (121 bytes)

GC Heap History (0 events):
No events

Deoptimization events (20 events):
Event: 0.295 Thread 0x000002136dbe6ca0 Uncommon trap: trap_request=0xffffff45 fr.pc=0x0000021307ad77d8 relative=0x0000000000000698
Event: 0.295 Thread 0x000002136dbe6ca0 Uncommon trap: reason=unstable_if action=reinterpret pc=0x0000021307ad77d8 method=java.util.zip.ZipFile$Source.checkAndAddEntry(II)I @ 50 c2
Event: 0.295 Thread 0x000002136dbe6ca0 DEOPT PACKING pc=0x0000021307ad77d8 sp=0x000000a9362fdad0
Event: 0.295 Thread 0x000002136dbe6ca0 DEOPT UNPACKING pc=0x00000213075823a3 sp=0x000000a9362fda40 mode 2
Event: 0.323 Thread 0x000002136dbe6ca0 DEOPT PACKING pc=0x00000213000140e7 sp=0x000000a9362fd850
Event: 0.323 Thread 0x000002136dbe6ca0 DEOPT UNPACKING pc=0x0000021307582b43 sp=0x000000a9362fcc70 mode 0
Event: 0.383 Thread 0x000002136dbe6ca0 DEOPT PACKING pc=0x0000021300008496 sp=0x000000a9362fd7f0
Event: 0.383 Thread 0x000002136dbe6ca0 DEOPT UNPACKING pc=0x0000021307582b43 sp=0x000000a9362fccc8 mode 0
Event: 0.398 Thread 0x000002136dbe6ca0 DEOPT PACKING pc=0x0000021300025453 sp=0x000000a9362fdc70
Event: 0.398 Thread 0x000002136dbe6ca0 DEOPT UNPACKING pc=0x0000021307582b43 sp=0x000000a9362fd080 mode 0
Event: 0.416 Thread 0x000002136dbe6ca0 DEOPT PACKING pc=0x0000021300031bd6 sp=0x000000a9362fd760
Event: 0.416 Thread 0x000002136dbe6ca0 DEOPT UNPACKING pc=0x0000021307582b43 sp=0x000000a9362fcc00 mode 0
Event: 0.443 Thread 0x000002136dbe6ca0 DEOPT PACKING pc=0x000002130000d2b4 sp=0x000000a9362fd910
Event: 0.443 Thread 0x000002136dbe6ca0 DEOPT UNPACKING pc=0x0000021307582b43 sp=0x000000a9362fcd90 mode 0
Event: 0.487 Thread 0x000002136dbe6ca0 DEOPT PACKING pc=0x000002130003b768 sp=0x000000a9362fdb10
Event: 0.487 Thread 0x000002136dbe6ca0 DEOPT UNPACKING pc=0x0000021307582b43 sp=0x000000a9362fcfa0 mode 0
Event: 0.512 Thread 0x000002136dbe6ca0 DEOPT PACKING pc=0x000002130005e5b4 sp=0x000000a9362fdcc0
Event: 0.512 Thread 0x000002136dbe6ca0 DEOPT UNPACKING pc=0x0000021307582b43 sp=0x000000a9362fd130 mode 0
Event: 0.533 Thread 0x000002136dbe6ca0 DEOPT PACKING pc=0x000002130000f8ad sp=0x000000a9362fa9d0
Event: 0.533 Thread 0x000002136dbe6ca0 DEOPT UNPACKING pc=0x0000021307582b43 sp=0x000000a9362f9e68 mode 0

Classes unloaded (0 events):
No events

Classes redefined (0 events):
No events

Internal exceptions (0 events):
No events

VM Operations (4 events):
Event: 0.283 Executing VM operation: HandshakeAllThreads
Event: 0.283 Executing VM operation: HandshakeAllThreads done
Event: 0.566 Executing VM operation: HandshakeAllThreads
Event: 0.567 Executing VM operation: HandshakeAllThreads done

Events (20 events):
Event: 0.558 loading class java/io/IOException
Event: 0.558 loading class java/io/IOException done
Event: 0.558 loading class java/util/ServiceConfigurationError
Event: 0.558 loading class java/util/ServiceConfigurationError done
Event: 0.560 loading class java/lang/UnsupportedOperationException
Event: 0.560 loading class java/lang/UnsupportedOperationException done
Event: 0.561 loading class java/util/concurrent/LinkedBlockingQueue
Event: 0.562 loading class java/util/concurrent/BlockingQueue
Event: 0.562 loading class java/util/concurrent/BlockingQueue done
Event: 0.562 loading class java/util/AbstractQueue
Event: 0.562 loading class java/util/AbstractQueue done
Event: 0.562 loading class java/util/concurrent/LinkedBlockingQueue done
Event: 0.562 loading class java/util/concurrent/locks/AbstractQueuedSynchronizer$ConditionObject
Event: 0.563 loading class java/util/concurrent/locks/Condition
Event: 0.563 loading class java/util/concurrent/locks/Condition done
Event: 0.563 loading class java/util/concurrent/locks/AbstractQueuedSynchronizer$ConditionObject done
Event: 0.563 loading class java/util/concurrent/LinkedBlockingQueue$Node
Event: 0.563 loading class java/util/concurrent/LinkedBlockingQueue$Node done
Event: 0.564 loading class java/lang/InheritableThreadLocal
Event: 0.565 loading class java/lang/InheritableThreadLocal done


Dynamic libraries:
0x00007ff6f5c80000 - 0x00007ff6f5c90000 	C:\Program Files\Java\jdk-17\bin\java.exe
0x00007ffd26910000 - 0x00007ffd26b08000 	C:\Windows\SYSTEM32\ntdll.dll
0x00007ffd24e40000 - 0x00007ffd24f01000 	C:\Windows\System32\KERNEL32.DLL
0x00007ffd24640000 - 0x00007ffd2493d000 	C:\Windows\System32\KERNELBASE.dll
0x00007ffd24340000 - 0x00007ffd24440000 	C:\Windows\System32\ucrtbase.dll
0x00007ffd1ab10000 - 0x00007ffd1ab29000 	C:\Program Files\Java\jdk-17\bin\jli.dll
0x00007ffd1cd10000 - 0x00007ffd1cd2b000 	C:\Program Files\Java\jdk-17\bin\VCRUNTIME140.dll
0x00007ffd25290000 - 0x00007ffd25340000 	C:\Windows\System32\ADVAPI32.dll
0x00007ffd25f90000 - 0x00007ffd2602e000 	C:\Windows\System32\msvcrt.dll
0x00007ffd24fd0000 - 0x00007ffd25070000 	C:\Windows\System32\sechost.dll
0x00007ffd25400000 - 0x00007ffd25523000 	C:\Windows\System32\RPCRT4.dll
0x00007ffd23fc0000 - 0x00007ffd23fe7000 	C:\Windows\System32\bcrypt.dll
0x00007ffd25860000 - 0x00007ffd259fd000 	C:\Windows\System32\USER32.dll
0x00007ffd240a0000 - 0x00007ffd240c2000 	C:\Windows\System32\win32u.dll
0x00007ffd25830000 - 0x00007ffd2585b000 	C:\Windows\System32\GDI32.dll
0x00007ffd24520000 - 0x00007ffd24637000 	C:\Windows\System32\gdi32full.dll
0x00007ffd24230000 - 0x00007ffd242cd000 	C:\Windows\System32\msvcp_win.dll
0x00007ffd14e60000 - 0x00007ffd150fa000 	C:\Windows\WinSxS\amd64_microsoft.windows.common-controls_6595b64144ccf1df_6.0.19041.4355_none_60b8b9eb71f62e16\COMCTL32.dll
0x00007ffd182d0000 - 0x00007ffd182da000 	C:\Windows\SYSTEM32\VERSION.dll
0x00007ffd25ed0000 - 0x00007ffd25eff000 	C:\Windows\System32\IMM32.DLL
0x00007ffd20570000 - 0x00007ffd2057c000 	C:\Program Files\Java\jdk-17\bin\vcruntime140_1.dll
0x00007ffd055d0000 - 0x00007ffd0565e000 	C:\Program Files\Java\jdk-17\bin\msvcp140.dll
0x00007ffcdf4a0000 - 0x00007ffce007f000 	C:\Program Files\Java\jdk-17\bin\server\jvm.dll
0x00007ffd25140000 - 0x00007ffd25148000 	C:\Windows\System32\PSAPI.DLL
0x00007ffd20f60000 - 0x00007ffd20f69000 	C:\Windows\SYSTEM32\WSOCK32.dll
0x00007ffd170f0000 - 0x00007ffd17117000 	C:\Windows\SYSTEM32\WINMM.dll
0x00007ffd25700000 - 0x00007ffd2576b000 	C:\Windows\System32\WS2_32.dll
0x00007ffd21d60000 - 0x00007ffd21d72000 	C:\Windows\SYSTEM32\kernel.appcore.dll
0x00007ffd20540000 - 0x00007ffd2054a000 	C:\Program Files\Java\jdk-17\bin\jimage.dll
0x00007ffd1b210000 - 0x00007ffd1b3f4000 	C:\Windows\SYSTEM32\DBGHELP.DLL
0x00007ffd1b1d0000 - 0x00007ffd1b204000 	C:\Windows\SYSTEM32\dbgcore.DLL
0x00007ffd24490000 - 0x00007ffd24512000 	C:\Windows\System32\bcryptPrimitives.dll
0x00007ffd152b0000 - 0x00007ffd152d5000 	C:\Program Files\Java\jdk-17\bin\java.dll
0x00007ffd00d80000 - 0x00007ffd00e57000 	C:\Program Files\Java\jdk-17\bin\jsvml.dll
0x00007ffd26030000 - 0x00007ffd2679f000 	C:\Windows\System32\SHELL32.dll
0x00007ffd22040000 - 0x00007ffd227e3000 	C:\Windows\SYSTEM32\windows.storage.dll
0x00007ffd24940000 - 0x00007ffd24c93000 	C:\Windows\System32\combase.dll
0x00007ffd23980000 - 0x00007ffd239ae000 	C:\Windows\SYSTEM32\Wldp.dll
0x00007ffd25070000 - 0x00007ffd2513d000 	C:\Windows\System32\OLEAUT32.dll
0x00007ffd25350000 - 0x00007ffd253fd000 	C:\Windows\System32\SHCORE.dll
0x00007ffd25770000 - 0x00007ffd257c5000 	C:\Windows\System32\shlwapi.dll
0x00007ffd23ef0000 - 0x00007ffd23f14000 	C:\Windows\SYSTEM32\profapi.dll
0x00007ffd15100000 - 0x00007ffd15119000 	C:\Program Files\Java\jdk-17\bin\net.dll
0x00007ffd1c050000 - 0x00007ffd1c15d000 	C:\Windows\SYSTEM32\WINHTTP.dll
0x00007ffd23680000 - 0x00007ffd236ea000 	C:\Windows\system32\mswsock.dll
0x00007ffd13f00000 - 0x00007ffd13f16000 	C:\Program Files\Java\jdk-17\bin\nio.dll
0x00007ffd16350000 - 0x00007ffd16368000 	C:\Program Files\Java\jdk-17\bin\zip.dll

dbghelp: loaded successfully - version: 4.0.5 - missing functions: none
symbol engine: initialized successfully - sym options: 0x614 - pdb path: .;C:\Program Files\Java\jdk-17\bin;C:\Windows\SYSTEM32;C:\Windows\WinSxS\amd64_microsoft.windows.common-controls_6595b64144ccf1df_6.0.19041.4355_none_60b8b9eb71f62e16;C:\Program Files\Java\jdk-17\bin\server

VM Arguments:
jvm_args: -XX:+ShowCodeDetailsInExceptionMessages 
java_command: com.roomly.roomly.RoomlyApplication
java_class_path (initial): C:\Users\박현우\Documents\workspace\Back-Spring-Boot\build\resources\main;C:\Users\박현우\Documents\workspace\Back-Spring-Boot\build\classes\java\main;C:\Users\박현우\.gradle\caches\modules-2\files-2.1\org.springframework\spring-webflux\6.1.13\2f490a97e87da44fba826ade3dc003aa132caca7\spring-webflux-6.1.13.jar;C:\Users\박현우\.gradle\caches\modules-2\files-2.1\io.projectreactor\reactor-core\3.6.10\6860a576ae0bd1957c5d4c87e861025248818c01\reactor-core-3.6.10.jar;C:\Users\박현우\.gradle\caches\modules-2\files-2.1\net.nurigo\sdk\4.3.0\f952928b09906dd7746ea99677421a40f46cb2e2\sdk-4.3.0.jar;C:\Users\박현우\.gradle\caches\modules-2\files-2.1\com.squareup.retrofit2\retrofit\2.9.0\d8fdfbd5da952141a665a403348b74538efc05ff\retrofit-2.9.0.jar;C:\Users\박현우\.gradle\caches\modules-2\files-2.1\org.springframework.boot\spring-boot-starter-json\3.3.4\816ab4ccd364350e3d0b5c1d53c2e5302a49eae6\spring-boot-starter-json-3.3.4.jar;C:\Users\박현우\.gradle\caches\modules-2\files-2.1\org.springframework.security\spring-security-core\6.3.3\2bf159e3db212d61408a2f728d6d7252dfaf4710\spring-security-core-6.3.3.jar;C:\Users\박현우\.gradle\caches\modules-2\files-2.1\io.jsonwebtoken\jjwt-api\0.11.2\57c34dce3e88f2972c5c5465b6291acfb5628084\jjwt-api-0.11.2.jar;C:\Users\박현우\.gradle\caches\modules-2\files-2.1\org.apache.logging.log4j\log4j-api\2.23.1\9c15c29c526d9c6783049c0a77722693c66706e1\log4j-api-2.23.1.jar;C:\Users\박현우\.gradle\caches\modules-2\files-2.1\io.netty\netty-transport\4.1.113.Final\8ba0a07b6ca61aefd607ca2a91ebd1cce28f5e3d\netty-transport-4.1.113.Final.jar;C:\Users\박현우\.gradle\caches\modules-2\files-2.1\com.nimbusds\lang-tag\1.7\97c73ecd70bc7e8eefb26c5eea84f251a63f1031\lang-tag-1.7.jar;C:\Users\박현우\.gradle\caches\modules-2\files-2.1\io.netty\netty-codec-dns\4.1.113.Final\af2d096266a680455a6432157b3ce0bc8c5b3257\netty-codec-dns-4.1.113.Final.jar;C:\Users\박현우\.gradle\caches\modules-2\files-2.1\org.springframework\spring-orm\6.1.13\68093388cd8fca9
Launcher Type: SUN_STANDARD

[Global flags]
     intx CICompilerCount                          = 4                                         {product} {ergonomic}
     uint ConcGCThreads                            = 3                                         {product} {ergonomic}
     uint G1ConcRefinementThreads                  = 10                                        {product} {ergonomic}
   size_t G1HeapRegionSize                         = 1048576                                   {product} {ergonomic}
    uintx GCDrainStackTargetSize                   = 64                                        {product} {ergonomic}
   size_t InitialHeapSize                          = 98566144                                  {product} {ergonomic}
   size_t MarkStackSize                            = 4194304                                   {product} {ergonomic}
   size_t MaxHeapSize                              = 1574961152                                {product} {ergonomic}
   size_t MaxNewSize                               = 944766976                                 {product} {ergonomic}
   size_t MinHeapDeltaBytes                        = 1048576                                   {product} {ergonomic}
   size_t MinHeapSize                              = 8388608                                   {product} {ergonomic}
    uintx NonNMethodCodeHeapSize                   = 5839372                                {pd product} {ergonomic}
    uintx NonProfiledCodeHeapSize                  = 122909434                              {pd product} {ergonomic}
    uintx ProfiledCodeHeapSize                     = 122909434                              {pd product} {ergonomic}
    uintx ReservedCodeCacheSize                    = 251658240                              {pd product} {ergonomic}
     bool SegmentedCodeCache                       = true                                      {product} {ergonomic}
     bool ShowCodeDetailsInExceptionMessages       = true                                   {manageable} {command line}
   size_t SoftMaxHeapSize                          = 1574961152                             {manageable} {ergonomic}
     bool UseCompressedClassPointers               = true                           {product lp64_product} {ergonomic}
     bool UseCompressedOops                        = true                           {product lp64_product} {ergonomic}
     bool UseG1GC                                  = true                                      {product} {ergonomic}
     bool UseLargePagesIndividualAllocation        = false                                  {pd product} {ergonomic}

Logging:
Log output configuration:
 #0: stdout all=warning uptime,level,tags
 #1: stderr all=off uptime,level,tags

Environment Variables:
JAVA_HOME=C:\Program Files\Java\jdk-17
CLASSPATH=C:\Program Files\Java\jdk-17\lib\tools.jar
PATH=C:\Users\박현우\bin;C:\Program Files\Git\mingw64\bin;C:\Program Files\Git\usr\local\bin;C:\Program Files\Git\usr\bin;C:\Program Files\Git\usr\bin;C:\Program Files\Git\mingw64\bin;C:\Program Files\Git\usr\bin;C:\Users\박현우\bin;C:\Program Files\Common Files\Oracle\Java\javapath;C:\Windows\system32;C:\Windows;C:\Windows\System32\Wbem;C:\Windows\System32\WindowsPowerShell\v1.0;C:\Windows\System32\OpenSSH;C:\ProgramData\chocolatey\bin;C:\Program Files\OpenJDK\jdk-17.0.1\bin;C:\ProgramData\chocolatey\lib\maven\apache-maven-3.8.4\bin;C:\Program Files\Bandizip;C:\Program Files\Java\jdk-17\bin;C:\Program Files\OpenJDK\openjdk-8u332-b09\bin;C:\Program Files\MySQL\MySQL Server 8.0\bin;C:\Program Files\Git\cmd;C:\Program Files\nodejs;C:\Users\박현우\AppData\Local\Programs\Python\Python312\Scripts;C:\Users\박현우\AppData\Local\Programs\Python\Python312;C:\Users\박현우\AppData\Local\Programs\Python\Launcher;C:\Program Files\MySQL\MySQL Shell 8.0\bin;C:\anacodna2;C:\anacodna2\Library\mingw-w64\bin;C:\anacodna2\Library\usr\bin;C:\anacodna2\Library\bin;C:\anacodna2\Scripts;C:\Program Files\anaconda;C:\Program Files\anaconda\Library\mingw-w64\bin;C:\Program Files\anaconda\Library\usr\bin;C:\Program Files\anaconda\Library\bin;C:\Program Files\anaconda\Scripts;C:\Users\박현우\AppData\Local\Microsoft\WindowsApps;C:\Program Files\JetBrains\PyCharm 2022.1\bin;C:\Users\박현우\AppData\Local\Programs\Microsoft VS Code\bin;C:\Program Files\JetBrains\IntelliJ IDEA Community Edition 2023.3.2\bin;C:\Users\박현우\AppData\Roaming\npm;C:\Program Files\Git\usr\bin\vendor_perl;C:\Program Files\Git\usr\bin\core_perl
USERNAME=박현우
SHELL=C:\Program Files\Git\usr\bin\bash.exe
DISPLAY=needs-to-be-defined
LANG=ko_KR.UTF-8
OS=Windows_NT
PROCESSOR_IDENTIFIER=AMD64 Family 23 Model 104 Stepping 1, AuthenticAMD



---------------  S Y S T E M  ---------------

OS:
 Windows 10 , 64 bit Build 19041 (10.0.19041.4842)
OS uptime: 62 days 7:29 hours

CPU: total 12 (initial active 12) (12 cores per cpu, 2 threads per core) family 23 model 104 stepping 1 microcode 0x0, cx8, cmov, fxsr, ht, mmx, 3dnowpref, sse, sse2, sse3, ssse3, sse4a, sse4.1, sse4.2, popcnt, lzcnt, tsc, tscinvbit, avx, avx2, aes, clmul, bmi1, bmi2, adx, sha, fma, vzeroupper, clflush, clflushopt

Memory: 4k page, system-wide physical 6005M (384M free)
TotalPageFile size 24437M (AvailPageFile size 0M)
current process WorkingSet (physical memory assigned to process): 56M, peak: 56M
current process commit charge ("private bytes"): 188M, peak: 188M

vm_info: Java HotSpot(TM) 64-Bit Server VM (17.0.10+11-LTS-240) for windows-amd64 JRE (17.0.10+11-LTS-240), built on Dec 19 2023 21:47:25 by "mach5one" with MS VC++ 17.1 (VS2022)

END.
