#
# There is insufficient memory for the Java Runtime Environment to continue.
# Native memory allocation (mmap) failed to map 98566144 bytes for G1 virtual space
# Possible reasons:
#   The system is out of physical RAM or swap space
#   The process is running with CompressedOops enabled, and the Java Heap may be blocking the growth of the native heap
# Possible solutions:
#   Reduce memory load on the system
#   Increase physical memory or swap space
#   Check if swap backing store is full
#   Decrease Java heap size (-Xmx/-Xms)
#   Decrease number of Java threads
#   Decrease Java thread stack sizes (-Xss)
#   Set larger code cache with -XX:ReservedCodeCacheSize=
#   JVM is running with Unscaled Compressed Oops mode in which the Java heap is
#     placed in the first 4GB address space. The Java Heap base address is the
#     maximum limit for the native heap growth. Please use -XX:HeapBaseMinAddress
#     to set the Java Heap base and to place the Java Heap above 4GB virtual address.
# This output file may be truncated or incomplete.
#
#  Out of Memory Error (os_windows.cpp:3548), pid=13108, tid=29604
#
# JRE version:  (17.0.10+11) (build )
# Java VM: Java HotSpot(TM) 64-Bit Server VM (17.0.10+11-LTS-240, mixed mode, sharing, tiered, compressed oops, compressed class ptrs, g1 gc, windows-amd64)
# No core dump will be written. Minidumps are not enabled by default on client versions of Windows
#

---------------  S U M M A R Y ------------

Command Line: -XX:+ShowCodeDetailsInExceptionMessages com.roomly.roomly.RoomlyApplication

Host: AMD Ryzen 5 5500U with Radeon Graphics         , 12 cores, 5G,  Windows 10 , 64 bit Build 19041 (10.0.19041.4842)
Time: Thu Nov 14 16:27:50 2024  Windows 10 , 64 bit Build 19041 (10.0.19041.4842) elapsed time: 0.017528 seconds (0d 0h 0m 0s)

---------------  T H R E A D  ---------------

Current thread (0x000001c4ed9b8300):  JavaThread "Unknown thread" [_thread_in_vm, id=29604, stack(0x000000b565100000,0x000000b565200000)]

Stack: [0x000000b565100000,0x000000b565200000]
Native frames: (J=compiled Java code, j=interpreted, Vv=VM code, C=native code)
V  [jvm.dll+0x677a5a]
V  [jvm.dll+0x7d8b2d]
V  [jvm.dll+0x7da48e]
V  [jvm.dll+0x7daaf3]
V  [jvm.dll+0x2455ff]
V  [jvm.dll+0x6749b9]
V  [jvm.dll+0x669382]
V  [jvm.dll+0x302e96]
V  [jvm.dll+0x30a416]
V  [jvm.dll+0x359cbe]
V  [jvm.dll+0x359eef]
V  [jvm.dll+0x2d9e88]
V  [jvm.dll+0x2dadf4]
V  [jvm.dll+0x7aa551]
V  [jvm.dll+0x367911]
V  [jvm.dll+0x789639]
V  [jvm.dll+0x3eb30f]
V  [jvm.dll+0x3ecd91]
C  [jli.dll+0x5297]
C  [ucrtbase.dll+0x21bb2]
C  [KERNEL32.DLL+0x17374]
C  [ntdll.dll+0x4cc91]


---------------  P R O C E S S  ---------------

Threads class SMR info:
_java_thread_list=0x00007ffcdff56a18, length=0, elements={
}

Java Threads: ( => current thread )

Other Threads:
  0x000001c4eda0b950 GCTaskThread "GC Thread#0" [stack: 0x000000b565200000,0x000000b565300000] [id=15292]
  0x000001c4eda1a480 ConcurrentGCThread "G1 Main Marker" [stack: 0x000000b565300000,0x000000b565400000] [id=12852]
  0x000001c4eda1b630 ConcurrentGCThread "G1 Conc#0" [stack: 0x000000b565400000,0x000000b565500000] [id=28860]

[error occurred during error reporting (printing all threads), id 0xc0000005, EXCEPTION_ACCESS_VIOLATION (0xc0000005) at pc=0x00007ffcdf78aae7]

VM state: not at safepoint (not fully initialized)

VM Mutex/Monitor currently owned by a thread:  ([mutex/lock_event])
[0x000001c4ed9b2020] Heap_lock - owner thread: 0x000001c4ed9b8300

Heap address: 0x00000000a2200000, size: 1502 MB, Compressed Oops mode: 32-bit

CDS archive(s) mapped at: [0x0000000000000000-0x0000000000000000-0x0000000000000000), size 0, SharedBaseAddress: 0x0000000800000000, ArchiveRelocationMode: 1.
Narrow klass base: 0x0000000000000000, Narrow klass shift: 0, Narrow klass range: 0x0

GC Precious Log:
<Empty>

Heap:
 garbage-first heap   total 0K, used 0K [0x00000000a2200000, 0x0000000100000000)
  region size 1024K, 0 young (0K), 0 survivors (0K)

[error occurred during error reporting (printing heap information), id 0xc0000005, EXCEPTION_ACCESS_VIOLATION (0xc0000005) at pc=0x00007ffcdfb71249]

GC Heap History (0 events):
No events

Deoptimization events (0 events):
No events

Classes unloaded (0 events):
No events

Classes redefined (0 events):
No events

Internal exceptions (0 events):
No events

VM Operations (0 events):
No events

Events (1 events):
Event: 0.010 Loaded shared library C:\Program Files\Java\jdk-17\bin\java.dll


Dynamic libraries:
0x00007ff6f5c80000 - 0x00007ff6f5c90000 	C:\Program Files\Java\jdk-17\bin\java.exe
0x00007ffd26910000 - 0x00007ffd26b08000 	C:\Windows\SYSTEM32\ntdll.dll
0x00007ffd24e40000 - 0x00007ffd24f01000 	C:\Windows\System32\KERNEL32.DLL
0x00007ffd24640000 - 0x00007ffd2493d000 	C:\Windows\System32\KERNELBASE.dll
0x00007ffd24340000 - 0x00007ffd24440000 	C:\Windows\System32\ucrtbase.dll
0x00007ffd1ab10000 - 0x00007ffd1ab29000 	C:\Program Files\Java\jdk-17\bin\jli.dll
0x00007ffd1cd10000 - 0x00007ffd1cd2b000 	C:\Program Files\Java\jdk-17\bin\VCRUNTIME140.dll
0x00007ffd25290000 - 0x00007ffd25340000 	C:\Windows\System32\ADVAPI32.dll
0x00007ffd25f90000 - 0x00007ffd2602e000 	C:\Windows\System32\msvcrt.dll
0x00007ffd24fd0000 - 0x00007ffd25070000 	C:\Windows\System32\sechost.dll
0x00007ffd25400000 - 0x00007ffd25523000 	C:\Windows\System32\RPCRT4.dll
0x00007ffd23fc0000 - 0x00007ffd23fe7000 	C:\Windows\System32\bcrypt.dll
0x00007ffd25860000 - 0x00007ffd259fd000 	C:\Windows\System32\USER32.dll
0x00007ffd240a0000 - 0x00007ffd240c2000 	C:\Windows\System32\win32u.dll
0x00007ffd25830000 - 0x00007ffd2585b000 	C:\Windows\System32\GDI32.dll
0x00007ffd24520000 - 0x00007ffd24637000 	C:\Windows\System32\gdi32full.dll
0x00007ffd24230000 - 0x00007ffd242cd000 	C:\Windows\System32\msvcp_win.dll
0x00007ffd14e60000 - 0x00007ffd150fa000 	C:\Windows\WinSxS\amd64_microsoft.windows.common-controls_6595b64144ccf1df_6.0.19041.4355_none_60b8b9eb71f62e16\COMCTL32.dll
0x00007ffd182d0000 - 0x00007ffd182da000 	C:\Windows\SYSTEM32\VERSION.dll
0x00007ffd25ed0000 - 0x00007ffd25eff000 	C:\Windows\System32\IMM32.DLL
0x00007ffd20570000 - 0x00007ffd2057c000 	C:\Program Files\Java\jdk-17\bin\vcruntime140_1.dll
0x00007ffd055d0000 - 0x00007ffd0565e000 	C:\Program Files\Java\jdk-17\bin\msvcp140.dll
0x00007ffcdf4a0000 - 0x00007ffce007f000 	C:\Program Files\Java\jdk-17\bin\server\jvm.dll
0x00007ffd25140000 - 0x00007ffd25148000 	C:\Windows\System32\PSAPI.DLL
0x00007ffd20f60000 - 0x00007ffd20f69000 	C:\Windows\SYSTEM32\WSOCK32.dll
0x00007ffd170f0000 - 0x00007ffd17117000 	C:\Windows\SYSTEM32\WINMM.dll
0x00007ffd25700000 - 0x00007ffd2576b000 	C:\Windows\System32\WS2_32.dll
0x00007ffd21d60000 - 0x00007ffd21d72000 	C:\Windows\SYSTEM32\kernel.appcore.dll
0x00007ffd20540000 - 0x00007ffd2054a000 	C:\Program Files\Java\jdk-17\bin\jimage.dll
0x00007ffd1b210000 - 0x00007ffd1b3f4000 	C:\Windows\SYSTEM32\DBGHELP.DLL
0x00007ffd1b1d0000 - 0x00007ffd1b204000 	C:\Windows\SYSTEM32\dbgcore.DLL
0x00007ffd24490000 - 0x00007ffd24512000 	C:\Windows\System32\bcryptPrimitives.dll
0x00007ffd152b0000 - 0x00007ffd152d5000 	C:\Program Files\Java\jdk-17\bin\java.dll

dbghelp: loaded successfully - version: 4.0.5 - missing functions: none
symbol engine: initialized successfully - sym options: 0x614 - pdb path: .;C:\Program Files\Java\jdk-17\bin;C:\Windows\SYSTEM32;C:\Windows\WinSxS\amd64_microsoft.windows.common-controls_6595b64144ccf1df_6.0.19041.4355_none_60b8b9eb71f62e16;C:\Program Files\Java\jdk-17\bin\server

VM Arguments:
jvm_args: -XX:+ShowCodeDetailsInExceptionMessages 
java_command: com.roomly.roomly.RoomlyApplication
java_class_path (initial): C:\Users\박현우\Documents\workspace\Back-Spring-Boot\build\resources\main;C:\Users\박현우\Documents\workspace\Back-Spring-Boot\build\classes\java\main;C:\Users\박현우\.gradle\caches\modules-2\files-2.1\org.springframework\spring-webflux\6.1.13\2f490a97e87da44fba826ade3dc003aa132caca7\spring-webflux-6.1.13.jar;C:\Users\박현우\.gradle\caches\modules-2\files-2.1\io.projectreactor\reactor-core\3.6.10\6860a576ae0bd1957c5d4c87e861025248818c01\reactor-core-3.6.10.jar;C:\Users\박현우\.gradle\caches\modules-2\files-2.1\net.nurigo\sdk\4.3.0\f952928b09906dd7746ea99677421a40f46cb2e2\sdk-4.3.0.jar;C:\Users\박현우\.gradle\caches\modules-2\files-2.1\com.squareup.retrofit2\retrofit\2.9.0\d8fdfbd5da952141a665a403348b74538efc05ff\retrofit-2.9.0.jar;C:\Users\박현우\.gradle\caches\modules-2\files-2.1\org.springframework.boot\spring-boot-starter-json\3.3.4\816ab4ccd364350e3d0b5c1d53c2e5302a49eae6\spring-boot-starter-json-3.3.4.jar;C:\Users\박현우\.gradle\caches\modules-2\files-2.1\org.springframework.security\spring-security-core\6.3.3\2bf159e3db212d61408a2f728d6d7252dfaf4710\spring-security-core-6.3.3.jar;C:\Users\박현우\.gradle\caches\modules-2\files-2.1\io.jsonwebtoken\jjwt-api\0.11.2\57c34dce3e88f2972c5c5465b6291acfb5628084\jjwt-api-0.11.2.jar;C:\Users\박현우\.gradle\caches\modules-2\files-2.1\org.apache.logging.log4j\log4j-api\2.23.1\9c15c29c526d9c6783049c0a77722693c66706e1\log4j-api-2.23.1.jar;C:\Users\박현우\.gradle\caches\modules-2\files-2.1\io.netty\netty-transport\4.1.113.Final\8ba0a07b6ca61aefd607ca2a91ebd1cce28f5e3d\netty-transport-4.1.113.Final.jar;C:\Users\박현우\.gradle\caches\modules-2\files-2.1\com.nimbusds\lang-tag\1.7\97c73ecd70bc7e8eefb26c5eea84f251a63f1031\lang-tag-1.7.jar;C:\Users\박현우\.gradle\caches\modules-2\files-2.1\io.netty\netty-codec-dns\4.1.113.Final\af2d096266a680455a6432157b3ce0bc8c5b3257\netty-codec-dns-4.1.113.Final.jar;C:\Users\박현우\.gradle\caches\modules-2\files-2.1\org.springframework\spring-orm\6.1.13\68093388cd8fca9
Launcher Type: SUN_STANDARD

[Global flags]
     intx CICompilerCount                          = 4                                         {product} {ergonomic}
     uint ConcGCThreads                            = 3                                         {product} {ergonomic}
     uint G1ConcRefinementThreads                  = 10                                        {product} {ergonomic}
   size_t G1HeapRegionSize                         = 1048576                                   {product} {ergonomic}
    uintx GCDrainStackTargetSize                   = 64                                        {product} {ergonomic}
   size_t InitialHeapSize                          = 98566144                                  {product} {ergonomic}
   size_t MarkStackSize                            = 4194304                                   {product} {ergonomic}
   size_t MaxHeapSize                              = 1574961152                                {product} {ergonomic}
   size_t MinHeapDeltaBytes                        = 1048576                                   {product} {ergonomic}
   size_t MinHeapSize                              = 8388608                                   {product} {ergonomic}
    uintx NonNMethodCodeHeapSize                   = 5839372                                {pd product} {ergonomic}
    uintx NonProfiledCodeHeapSize                  = 122909434                              {pd product} {ergonomic}
    uintx ProfiledCodeHeapSize                     = 122909434                              {pd product} {ergonomic}
    uintx ReservedCodeCacheSize                    = 251658240                              {pd product} {ergonomic}
     bool SegmentedCodeCache                       = true                                      {product} {ergonomic}
     bool ShowCodeDetailsInExceptionMessages       = true                                   {manageable} {command line}
   size_t SoftMaxHeapSize                          = 1574961152                             {manageable} {ergonomic}
     bool UseCompressedClassPointers               = true                           {product lp64_product} {ergonomic}
     bool UseCompressedOops                        = true                           {product lp64_product} {ergonomic}
     bool UseG1GC                                  = true                                      {product} {ergonomic}
     bool UseLargePagesIndividualAllocation        = false                                  {pd product} {ergonomic}

Logging:
Log output configuration:
 #0: stdout all=warning uptime,level,tags
 #1: stderr all=off uptime,level,tags

Environment Variables:
JAVA_HOME=C:\Program Files\Java\jdk-17
CLASSPATH=C:\Program Files\Java\jdk-17\lib\tools.jar
PATH=C:\Users\박현우\bin;C:\Program Files\Git\mingw64\bin;C:\Program Files\Git\usr\local\bin;C:\Program Files\Git\usr\bin;C:\Program Files\Git\usr\bin;C:\Program Files\Git\mingw64\bin;C:\Program Files\Git\usr\bin;C:\Users\박현우\bin;C:\Program Files\Common Files\Oracle\Java\javapath;C:\Windows\system32;C:\Windows;C:\Windows\System32\Wbem;C:\Windows\System32\WindowsPowerShell\v1.0;C:\Windows\System32\OpenSSH;C:\ProgramData\chocolatey\bin;C:\Program Files\OpenJDK\jdk-17.0.1\bin;C:\ProgramData\chocolatey\lib\maven\apache-maven-3.8.4\bin;C:\Program Files\Bandizip;C:\Program Files\Java\jdk-17\bin;C:\Program Files\OpenJDK\openjdk-8u332-b09\bin;C:\Program Files\MySQL\MySQL Server 8.0\bin;C:\Program Files\Git\cmd;C:\Program Files\nodejs;C:\Users\박현우\AppData\Local\Programs\Python\Python312\Scripts;C:\Users\박현우\AppData\Local\Programs\Python\Python312;C:\Users\박현우\AppData\Local\Programs\Python\Launcher;C:\Program Files\MySQL\MySQL Shell 8.0\bin;C:\anacodna2;C:\anacodna2\Library\mingw-w64\bin;C:\anacodna2\Library\usr\bin;C:\anacodna2\Library\bin;C:\anacodna2\Scripts;C:\Program Files\anaconda;C:\Program Files\anaconda\Library\mingw-w64\bin;C:\Program Files\anaconda\Library\usr\bin;C:\Program Files\anaconda\Library\bin;C:\Program Files\anaconda\Scripts;C:\Users\박현우\AppData\Local\Microsoft\WindowsApps;C:\Program Files\JetBrains\PyCharm 2022.1\bin;C:\Users\박현우\AppData\Local\Programs\Microsoft VS Code\bin;C:\Program Files\JetBrains\IntelliJ IDEA Community Edition 2023.3.2\bin;C:\Users\박현우\AppData\Roaming\npm;C:\Program Files\Git\usr\bin\vendor_perl;C:\Program Files\Git\usr\bin\core_perl
USERNAME=박현우
SHELL=C:\Program Files\Git\usr\bin\bash.exe
DISPLAY=needs-to-be-defined
LANG=ko_KR.UTF-8
OS=Windows_NT
PROCESSOR_IDENTIFIER=AMD64 Family 23 Model 104 Stepping 1, AuthenticAMD



---------------  S Y S T E M  ---------------

OS:
 Windows 10 , 64 bit Build 19041 (10.0.19041.4842)
OS uptime: 62 days 7:30 hours

CPU: total 12 (initial active 12) (12 cores per cpu, 2 threads per core) family 23 model 104 stepping 1 microcode 0x0, cx8, cmov, fxsr, ht, mmx, 3dnowpref, sse, sse2, sse3, ssse3, sse4a, sse4.1, sse4.2, popcnt, lzcnt, tsc, tscinvbit, avx, avx2, aes, clmul, bmi1, bmi2, adx, sha, fma, vzeroupper, clflush, clflushopt

Memory: 4k page, system-wide physical 6005M (298M free)
TotalPageFile size 24437M (AvailPageFile size 66M)
current process WorkingSet (physical memory assigned to process): 10M, peak: 10M
current process commit charge ("private bytes"): 64M, peak: 158M

vm_info: Java HotSpot(TM) 64-Bit Server VM (17.0.10+11-LTS-240) for windows-amd64 JRE (17.0.10+11-LTS-240), built on Dec 19 2023 21:47:25 by "mach5one" with MS VC++ 17.1 (VS2022)

END.
